0 info it worked if it ends with ok
1 verbose cli [ 'C:\\Program Files\\nodejs\\node.exe',
1 verbose cli   'C:\\Program Files\\nodejs\\node_modules\\npm\\bin\\npm-cli.js',
1 verbose cli   'run',
1 verbose cli   'tsc:w' ]
2 info using npm@3.10.3
3 info using node@v6.5.0
4 verbose run-script [ 'pretsc:w', 'tsc:w', 'posttsc:w' ]
5 info lifecycle helloangular2@1.0.0~pretsc:w: helloangular2@1.0.0
6 silly lifecycle helloangular2@1.0.0~pretsc:w: no script for pretsc:w, continuing
7 info lifecycle helloangular2@1.0.0~tsc:w: helloangular2@1.0.0
8 verbose lifecycle helloangular2@1.0.0~tsc:w: unsafe-perm in lifecycle true
9 verbose lifecycle helloangular2@1.0.0~tsc:w: PATH: C:\Program Files\nodejs\node_modules\npm\bin\node-gyp-bin;C:\Angular2\HelloAngular2\node_modules\.bin;C:\Program Files\nodejs;C:\Program Files\nodejs\node_modules\npm\bin\node-gyp-bin;C:\Angular2\HelloAngular2\node_modules\.bin;C:\Program Files\nodejs;C:\windows\system32;C:\windows;C:\windows\System32\Wbem;C:\windows\System32\WindowsPowerShell\v1.0\;C:\Users\Randy\.dnx\bin;C:\Program Files\Microsoft DNX\Dnvm\;C:\Program Files\Microsoft SQL Server\120\Tools\Binn\;C:\Program Files\Microsoft SQL Server\130\Tools\Binn\;C:\Program Files (x86)\Windows Kits\10\Windows Performance Toolkit\;C:\Program Files (x86)\GtkSharp\2.12\bin;C:\Program Files\nodejs\;C:\Users\Randy\AppData\Local\Microsoft\WindowsApps;;C:\Program Files (x86)\Microsoft VS Code\bin;C:\Users\Randy\AppData\Roaming\npm
10 verbose lifecycle helloangular2@1.0.0~tsc:w: CWD: C:\Angular2\HelloAngular2
11 silly lifecycle helloangular2@1.0.0~tsc:w: Args: [ '/d /s /c', 'tsc -w' ]
12 silly lifecycle helloangular2@1.0.0~tsc:w: Returned: code: 3221225786  signal: null
13 info lifecycle helloangular2@1.0.0~tsc:w: Failed to exec tsc:w script
14 verbose stack Error: helloangular2@1.0.0 tsc:w: `tsc -w`
14 verbose stack Exit status 3221225786
14 verbose stack     at EventEmitter.<anonymous> (C:\Program Files\nodejs\node_modules\npm\lib\utils\lifecycle.js:242:16)
14 verbose stack     at emitTwo (events.js:106:13)
14 verbose stack     at EventEmitter.emit (events.js:191:7)
14 verbose stack     at ChildProcess.<anonymous> (C:\Program Files\nodejs\node_modules\npm\lib\utils\spawn.js:40:14)
14 verbose stack     at emitTwo (events.js:106:13)
14 verbose stack     at ChildProcess.emit (events.js:191:7)
14 verbose stack     at maybeClose (internal/child_process.js:877:16)
14 verbose stack     at Process.ChildProcess._handle.onexit (internal/child_process.js:226:5)
15 verbose pkgid helloangular2@1.0.0
16 verbose cwd C:\Angular2\HelloAngular2
17 error Windows_NT 10.0.14393
18 error argv "C:\\Program Files\\nodejs\\node.exe" "C:\\Program Files\\nodejs\\node_modules\\npm\\bin\\npm-cli.js" "run" "tsc:w"
19 error node v6.5.0
20 error npm  v3.10.3
21 error code ELIFECYCLE
22 error helloangular2@1.0.0 tsc:w: `tsc -w`
22 error Exit status 3221225786
23 error Failed at the helloangular2@1.0.0 tsc:w script 'tsc -w'.
23 error Make sure you have the latest version of node.js and npm installed.
23 error If you do, this is most likely a problem with the helloangular2 package,
23 error not with npm itself.
23 error Tell the author that this fails on your system:
23 error     tsc -w
23 error You can get information on how to open an issue for this project with:
23 error     npm bugs helloangular2
23 error Or if that isn't available, you can get their info via:
23 error     npm owner ls helloangular2
23 error There is likely additional logging output above.
24 verbose exit [ 1, true ]
